sample/build/outputs/logs/manifest-merger-debug-report.txt
-- Merging decision tree log ---
manifest
ADDED from src\main\AndroidManifest.xml:2:1-147:12
INJECTED from src\main\AndroidManifest.xml:2:1-147:12
INJECTED from src\main\AndroidManifest.xml:2:1-147:12
INJECTED from src\main\AndroidManifest.xml:2:1-147:12
MERGED from [androidx.multidex:multidex:2.0.0] AndroidManifest.xml:17:1-22:12
MERGED from [com.google.android.material:material:1.0.0-rc01] AndroidManifest.xml:17:1-24:12
MERGED from [androidx.recyclerview:recyclerview:1.0.0] AndroidManifest.xml:17:1-22:12
MERGED from [androidx.appcompat:appcompat:1.0.0] AndroidManifest.xml:17:1-22:12
MERGED from [androidx.constraintlayout:constraintlayout:1.1.3] AndroidManifest.xml:2:1-11:12
MERGED from [:commonlib] AndroidManifest.xml:2:1-11:12
MERGED from [:mobilertc] AndroidManifest.xml:2:1-136:12
MERGED from [androidx.fragment:fragment:1.0.0] AndroidManifest.xml:17:1-22:12
MERGED from [androidx.vectordrawable:vectordrawable-animated:1.0.0] AndroidManifest.xml:17:1-22:12
MERGED from [androidx.legacy:legacy-support-core-ui:1.0.0] AndroidManifest.xml:17:1-22:12
MERGED from [androidx.legacy:legacy-support-core-utils:1.0.0] AndroidManifest.xml:17:1-22:12
MERGED from [androidx.vectordrawable:vectordrawable:1.0.0] AndroidManifest.xml:17:1-22:12
MERGED from [androidx.transition:transition:1.0.0-rc01] AndroidManifest.xml:17:1-22:12
MERGED from [androidx.viewpager:viewpager:1.0.0] AndroidManifest.xml:17:1-22:12
MERGED from [androidx.coordinatorlayout:coordinatorlayout:1.0.0] AndroidManifest.xml:17:1-22:12
MERGED from [androidx.drawerlayout:drawerlayout:1.0.0] AndroidManifest.xml:17:1-22:12
MERGED from [androidx.slidingpanelayout:slidingpanelayout:1.0.0] AndroidManifest.xml:17:1-22:12
MERGED from [androidx.customview:customview:1.0.0] AndroidManifest.xml:17:1-22:12
MERGED from [androidx.swiperefreshlayout:swiperefreshlayout:1.0.0] AndroidManifest.xml:17:1-22:12
MERGED from [androidx.asynclayoutinflater:asynclayoutinflater:1.0.0] AndroidManifest.xml:17:1-22:12
MERGED from [androidx.loader:loader:1.0.0] AndroidManifest.xml:17:1-22:12
MERGED from [androidx.core:core:1.0.0] AndroidManifest.xml:17:1-24:12
MERGED from [androidx.versionedparcelable:versionedparcelable:1.0.0] AndroidManifest.xml:17:1-25:12
MERGED from [androidx.cursoradapter:cursoradapter:1.0.0] AndroidManifest.xml:17:1-22:12
MERGED from [androidx.cardview:cardview:1.0.0-rc01] AndroidManifest.xml:17:1-22:12
MERGED from [androidx.lifecycle:lifecycle-runtime:2.0.0] AndroidManifest.xml:17:1-22:12
MERGED from [androidx.interpolator:interpolator:1.0.0] AndroidManifest.xml:17:1-22:12
MERGED from [androidx.documentfile:documentfile:1.0.0] AndroidManifest.xml:17:1-22:12
MERGED from [androidx.localbroadcastmanager:localbroadcastmanager:1.0.0] AndroidManifest.xml:17:1-22:12
MERGED from [androidx.print:print:1.0.0] AndroidManifest.xml:17:1-22:12
MERGED from [androidx.lifecycle:lifecycle-viewmodel:2.0.0] AndroidManifest.xml:17:1-22:12
MERGED from [androidx.lifecycle:lifecycle-livedata:2.0.0] AndroidManifest.xml:17:1-22:12
MERGED from [androidx.lifecycle:lifecycle-livedata-core:2.0.0] AndroidManifest.xml:17:1-22:12
MERGED from [androidx.arch.core:core-runtime:2.0.0] AndroidManifest.xml:17:1-22:12
INJECTED from src\main\AndroidManifest.xml:2:1-147:12
INJECTED from src\main\AndroidManifest.xml:2:1-147:12
INJECTED from src\main\AndroidManifest.xml:2:1-147:12
	package
		ADDED from src\main\AndroidManifest.xml:3:7-34
		INJECTED from src\main\AndroidManifest.xml
		INJECTED from src\main\AndroidManifest.xml
	android:versionName
		ADDED from src\main\AndroidManifest.xml:5:7-32
		INJECTED from src\main\AndroidManifest.xml
		INJECTED from src\main\AndroidManifest.xml
	xmlns:android
		ADDED from src\main\AndroidManifest.xml:2:11-69
	android:versionCode
		ADDED from src\main\AndroidManifest.xml:4:7-30
		INJECTED from src\main\AndroidManifest.xml
		INJECTED from src\main\AndroidManifest.xml
	android:installLocation
		ADDED from src\main\AndroidManifest.xml:6:7-37
uses-feature#0x00020000
ADDED from src\main\AndroidManifest.xml:8:5-53
MERGED from [:mobilertc] AndroidManifest.xml:11:5-54
MERGED from [:mobilertc] AndroidManifest.xml:11:5-54
	android:glEsVersion
		ADDED from src\main\AndroidManifest.xml:8:19-51
application
ADDED from src\main\AndroidManifest.xml:11:5-145:19
MERGED from [com.google.android.material:material:1.0.0-rc01] AndroidManifest.xml:22:5-20
MERGED from [com.google.android.material:material:1.0.0-rc01] AndroidManifest.xml:22:5-20
MERGED from [androidx.constraintlayout:constraintlayout:1.1.3] AndroidManifest.xml:9:5-20
MERGED from [androidx.constraintlayout:constraintlayout:1.1.3] AndroidManifest.xml:9:5-20
MERGED from [:mobilertc] AndroidManifest.xml:44:5-134:19
MERGED from [:mobilertc] AndroidManifest.xml:44:5-134:19
MERGED from [androidx.core:core:1.0.0] AndroidManifest.xml:22:5-89
MERGED from [androidx.core:core:1.0.0] AndroidManifest.xml:22:5-89
MERGED from [androidx.versionedparcelable:versionedparcelable:1.0.0] AndroidManifest.xml:22:5-23:19
MERGED from [androidx.versionedparcelable:versionedparcelable:1.0.0] AndroidManifest.xml:22:5-23:19
	android:appComponentFactory
		ADDED from [androidx.core:core:1.0.0] AndroidManifest.xml:22:18-86
	android:label
		ADDED from src\main\AndroidManifest.xml:11:18-55
	android:icon
		ADDED from src\main\AndroidManifest.xml:13:9-45
	android:usesCleartextTraffic
		ADDED from [:mobilertc] AndroidManifest.xml:44:18-53
	android:name
		ADDED from src\main\AndroidManifest.xml:12:9-61
activity#us.zoom.sdksample.ui.InitAuthSDKActivity
ADDED from src\main\AndroidManifest.xml:15:9-25:20
	android:screenOrientation
		ADDED from src\main\AndroidManifest.xml:18:13-49
	android:label
		ADDED from src\main\AndroidManifest.xml:16:13-50
	android:configChanges
		ADDED from src\main\AndroidManifest.xml:17:13-83
	android:icon
		ADDED from src\main\AndroidManifest.xml:19:13-49
	android:theme
		ADDED from src\main\AndroidManifest.xml:20:13-54
	android:name
		ADDED from src\main\AndroidManifest.xml:15:19-74
intent-filter#action:name:android.intent.action.MAIN+category:name:android.intent.category.LAUNCHER
ADDED from src\main\AndroidManifest.xml:21:13-24:29
action#android.intent.action.MAIN
ADDED from src\main\AndroidManifest.xml:22:17-69
	android:name
		ADDED from src\main\AndroidManifest.xml:22:25-66
category#android.intent.category.LAUNCHER
ADDED from src\main\AndroidManifest.xml:23:17-77
	android:name
		ADDED from src\main\AndroidManifest.xml:23:27-74
activity#us.zoom.sdksample.ui.APIUserStartJoinMeetingActivity
ADDED from src\main\AndroidManifest.xml:27:9-35:20
	android:label
		ADDED from src\main\AndroidManifest.xml:28:19-56
	android:icon
		ADDED from src\main\AndroidManifest.xml:29:19-55
	android:theme
		ADDED from src\main\AndroidManifest.xml:30:19-60
	android:name
		ADDED from src\main\AndroidManifest.xml:27:19-69
intent-filter#action:name:android.intent.action.MAIN+category:name:android.intent.category.DEFAULT
ADDED from src\main\AndroidManifest.xml:31:13-34:29
category#android.intent.category.DEFAULT
ADDED from src\main\AndroidManifest.xml:33:17-76
	android:name
		ADDED from src\main\AndroidManifest.xml:33:27-73
activity#us.zoom.sdksample.ui.LoginUserStartJoinMeetingActivity
ADDED from src\main\AndroidManifest.xml:37:9-45:20
	android:label
		ADDED from src\main\AndroidManifest.xml:38:13-50
	android:icon
		ADDED from src\main\AndroidManifest.xml:39:13-49
	android:theme
		ADDED from src\main\AndroidManifest.xml:40:13-54
	android:name
		ADDED from src\main\AndroidManifest.xml:37:19-71
activity#us.zoom.sdksample.ui.EmailUserLoginActivity
ADDED from src\main\AndroidManifest.xml:47:9-55:20
	android:label
		ADDED from src\main\AndroidManifest.xml:48:13-50
	android:icon
		ADDED from src\main\AndroidManifest.xml:49:13-49
	android:theme
		ADDED from src\main\AndroidManifest.xml:50:13-54
	android:name
		ADDED from src\main\AndroidManifest.xml:47:19-77
activity#us.zoom.sdksample.ui.SSOUserLoginActivity
ADDED from src\main\AndroidManifest.xml:57:9-65:20
	android:label
		ADDED from src\main\AndroidManifest.xml:58:13-50
	android:icon
		ADDED from src\main\AndroidManifest.xml:59:13-49
	android:theme
		ADDED from src\main\AndroidManifest.xml:60:13-54
	android:name
		ADDED from src\main\AndroidManifest.xml:57:19-75
activity#us.zoom.sdksample.otherfeatures.scheduleforloginuser.PreMeetingExampleActivity
ADDED from src\main\AndroidManifest.xml:67:9-75:20
	android:label
		ADDED from src\main\AndroidManifest.xml:68:13-50
	android:icon
		ADDED from src\main\AndroidManifest.xml:69:13-49
	android:theme
		ADDED from src\main\AndroidManifest.xml:70:13-54
	android:name
		ADDED from src\main\AndroidManifest.xml:67:19-95
activity#us.zoom.sdksample.otherfeatures.scheduleforloginuser.ScheduleMeetingExampleActivity
ADDED from src\main\AndroidManifest.xml:77:9-85:20
	android:label
		ADDED from src\main\AndroidManifest.xml:78:13-50
	android:icon
		ADDED from src\main\AndroidManifest.xml:79:13-49
	android:theme
		ADDED from src\main\AndroidManifest.xml:80:13-54
	android:name
		ADDED from src\main\AndroidManifest.xml:77:19-100
activity#us.zoom.sdksample.otherfeatures.MyInviteActivity
ADDED from src\main\AndroidManifest.xml:87:9-95:20
	android:label
		ADDED from src\main\AndroidManifest.xml:88:19-64
	android:icon
		ADDED from src\main\AndroidManifest.xml:89:19-55
	android:theme
		ADDED from src\main\AndroidManifest.xml:90:19-60
	android:name
		ADDED from src\main\AndroidManifest.xml:87:19-82
intent-filter#action:name:us.zoom.sdkexample.intent.action.MeetingInvite+category:name:android.intent.category.DEFAULT
ADDED from src\main\AndroidManifest.xml:91:13-94:29
action#us.zoom.sdkexample.intent.action.MeetingInvite
ADDED from src\main\AndroidManifest.xml:92:17-89
	android:name
		ADDED from src\main\AndroidManifest.xml:92:25-86
activity#us.zoom.sdksample.otherfeatures.MyWaitJoinActivity
ADDED from src\main\AndroidManifest.xml:97:9-104:20
	android:icon
		ADDED from src\main\AndroidManifest.xml:98:19-55
	android:theme
		ADDED from src\main\AndroidManifest.xml:99:19-60
	android:name
		ADDED from src\main\AndroidManifest.xml:97:19-84
activity#us.zoom.sdksample.otherfeatures.MyCallMeByPhoneActivity
ADDED from src\main\AndroidManifest.xml:106:9-113:20
	android:icon
		ADDED from src\main\AndroidManifest.xml:107:19-55
	android:theme
		ADDED from src\main\AndroidManifest.xml:108:19-60
	android:name
		ADDED from src\main\AndroidManifest.xml:106:19-89
activity#us.zoom.sdksample.inmeetingfunction.customizedmeetingui.MyMeetingActivity
ADDED from src\main\AndroidManifest.xml:115:9-119:51
	android:screenOrientation
		ADDED from src\main\AndroidManifest.xml:119:13-49
	android:configChanges
		ADDED from src\main\AndroidManifest.xml:117:13-47
	android:theme
		ADDED from src\main\AndroidManifest.xml:118:13-53
	android:name
		ADDED from src\main\AndroidManifest.xml:116:13-101
activity#us.zoom.sdksample.ui.MeetingSettingActivity
ADDED from src\main\AndroidManifest.xml:121:9-125:51
	android:screenOrientation
		ADDED from src\main\AndroidManifest.xml:125:13-49
	android:configChanges
		ADDED from src\main\AndroidManifest.xml:123:13-47
	android:theme
		ADDED from src\main\AndroidManifest.xml:124:13-53
	android:name
		ADDED from src\main\AndroidManifest.xml:122:13-54
activity#us.zoom.sdksample.inmeetingfunction.customizedmeetingui.RawDataMeetingActivity
ADDED from src\main\AndroidManifest.xml:126:9-130:51
	android:screenOrientation
		ADDED from src\main\AndroidManifest.xml:130:13-49
	android:configChanges
		ADDED from src\main\AndroidManifest.xml:128:13-83
	android:theme
		ADDED from src\main\AndroidManifest.xml:129:13-53
	android:name
		ADDED from src\main\AndroidManifest.xml:127:13-89
activity#us.zoom.sdksample.ui.QAActivity
ADDED from src\main\AndroidManifest.xml:131:9-51
	android:name
		ADDED from src\main\AndroidManifest.xml:131:19-48
activity#us.zoom.sdksample.ui.BreakoutRoomsAdminActivity
ADDED from src\main\AndroidManifest.xml:132:9-135:52
	android:screenOrientation
		ADDED from src\main\AndroidManifest.xml:135:13-49
	android:configChanges
		ADDED from src\main\AndroidManifest.xml:133:13-47
	android:theme
		ADDED from src\main\AndroidManifest.xml:134:13-53
	android:name
		ADDED from src\main\AndroidManifest.xml:132:19-64
activity#us.zoom.sdksample.ui.BoEditActivity
ADDED from src\main\AndroidManifest.xml:136:9-139:52
	android:screenOrientation
		ADDED from src\main\AndroidManifest.xml:139:13-49
	android:configChanges
		ADDED from src\main\AndroidManifest.xml:137:13-47
	android:theme
		ADDED from src\main\AndroidManifest.xml:138:13-53
	android:name
		ADDED from src\main\AndroidManifest.xml:136:19-52
activity#us.zoom.sdksample.inmeetingfunction.zoommeetingui.CustomZoomUIActivity
ADDED from src\main\AndroidManifest.xml:140:9-144:55
	android:hardwareAccelerated
		ADDED from src\main\AndroidManifest.xml:143:13-48
	android:configChanges
		ADDED from src\main\AndroidManifest.xml:142:13-59
	android:theme
		ADDED from src\main\AndroidManifest.xml:144:13-53
	android:name
		ADDED from src\main\AndroidManifest.xml:141:13-98
uses-sdk
INJECTED from src\main\AndroidManifest.xml reason: use-sdk injection requested
INJECTED from src\main\AndroidManifest.xml
INJECTED from src\main\AndroidManifest.xml
MERGED from [androidx.multidex:multidex:2.0.0] AndroidManifest.xml:20:5-43
MERGED from [androidx.multidex:multidex:2.0.0] AndroidManifest.xml:20:5-43
MERGED from [com.google.android.material:material:1.0.0-rc01] AndroidManifest.xml:20:5-44
MERGED from [com.google.android.material:material:1.0.0-rc01] AndroidManifest.xml:20:5-44
MERGED from [androidx.recyclerview:recyclerview:1.0.0] AndroidManifest.xml:20:5-44
MERGED from [androidx.recyclerview:recyclerview:1.0.0] AndroidManifest.xml:20:5-44
MERGED from [androidx.appcompat:appcompat:1.0.0] AndroidManifest.xml:20:5-44
MERGED from [androidx.appcompat:appcompat:1.0.0] AndroidManifest.xml:20:5-44
MERGED from [androidx.constraintlayout:constraintlayout:1.1.3] AndroidManifest.xml:5:5-7:41
MERGED from [androidx.constraintlayout:constraintlayout:1.1.3] AndroidManifest.xml:5:5-7:41
MERGED from [:commonlib] AndroidManifest.xml:7:5-9:41
MERGED from [:commonlib] AndroidManifest.xml:7:5-9:41
MERGED from [:mobilertc] AndroidManifest.xml:7:5-9:41
MERGED from [:mobilertc] AndroidManifest.xml:7:5-9:41
MERGED from [androidx.fragment:fragment:1.0.0] AndroidManifest.xml:20:5-44
MERGED from [androidx.fragment:fragment:1.0.0] AndroidManifest.xml:20:5-44
MERGED from [androidx.vectordrawable:vectordrawable-animated:1.0.0] AndroidManifest.xml:20:5-44
MERGED from [androidx.vectordrawable:vectordrawable-animated:1.0.0] AndroidManifest.xml:20:5-44
MERGED from [androidx.legacy:legacy-support-core-ui:1.0.0] AndroidManifest.xml:20:5-44
MERGED from [androidx.legacy:legacy-support-core-ui:1.0.0] AndroidManifest.xml:20:5-44
MERGED from [androidx.legacy:legacy-support-core-utils:1.0.0] AndroidManifest.xml:20:5-44
MERGED from [androidx.legacy:legacy-support-core-utils:1.0.0] AndroidManifest.xml:20:5-44
MERGED from [androidx.vectordrawable:vectordrawable:1.0.0] AndroidManifest.xml:20:5-44
MERGED from [androidx.vectordrawable:vectordrawable:1.0.0] AndroidManifest.xml:20:5-44
MERGED from [androidx.transition:transition:1.0.0-rc01] AndroidManifest.xml:20:5-44
MERGED from [androidx.transition:transition:1.0.0-rc01] AndroidManifest.xml:20:5-44
MERGED from [androidx.viewpager:viewpager:1.0.0] AndroidManifest.xml:20:5-44
MERGED from [androidx.viewpager:viewpager:1.0.0] AndroidManifest.xml:20:5-44
MERGED from [androidx.coordinatorlayout:coordinatorlayout:1.0.0] AndroidManifest.xml:20:5-44
MERGED from [androidx.coordinatorlayout:coordinatorlayout:1.0.0] AndroidManifest.xml:20:5-44
MERGED from [androidx.drawerlayout:drawerlayout:1.0.0] AndroidManifest.xml:20:5-44
MERGED from [androidx.drawerlayout:drawerlayout:1.0.0] AndroidManifest.xml:20:5-44
MERGED from [androidx.slidingpanelayout:slidingpanelayout:1.0.0] AndroidManifest.xml:20:5-44
MERGED from [androidx.slidingpanelayout:slidingpanelayout:1.0.0] AndroidManifest.xml:20:5-44
MERGED from [androidx.customview:customview:1.0.0] AndroidManifest.xml:20:5-44
MERGED from [androidx.customview:customview:1.0.0] AndroidManifest.xml:20:5-44
MERGED from [androidx.swiperefreshlayout:swiperefreshlayout:1.0.0] AndroidManifest.xml:20:5-44
MERGED from [androidx.swiperefreshlayout:swiperefreshlayout:1.0.0] AndroidManifest.xml:20:5-44
MERGED from [androidx.asynclayoutinflater:asynclayoutinflater:1.0.0] AndroidManifest.xml:20:5-44
MERGED from [androidx.asynclayoutinflater:asynclayoutinflater:1.0.0] AndroidManifest.xml:20:5-44
MERGED from [androidx.loader:loader:1.0.0] AndroidManifest.xml:20:5-44
MERGED from [androidx.loader:loader:1.0.0] AndroidManifest.xml:20:5-44
MERGED from [androidx.core:core:1.0.0] AndroidManifest.xml:20:5-44
MERGED from [androidx.core:core:1.0.0] AndroidManifest.xml:20:5-44
MERGED from [androidx.versionedparcelable:versionedparcelable:1.0.0] AndroidManifest.xml:20:5-44
MERGED from [androidx.versionedparcelable:versionedparcelable:1.0.0] AndroidManifest.xml:20:5-44
MERGED from [androidx.cursoradapter:cursoradapter:1.0.0] AndroidManifest.xml:20:5-44
MERGED from [androidx.cursoradapter:cursoradapter:1.0.0] AndroidManifest.xml:20:5-44
MERGED from [androidx.cardview:cardview:1.0.0-rc01] AndroidManifest.xml:20:5-44
MERGED from [androidx.cardview:cardview:1.0.0-rc01] AndroidManifest.xml:20:5-44
MERGED from [androidx.lifecycle:lifecycle-runtime:2.0.0] AndroidManifest.xml:20:5-44
MERGED from [androidx.lifecycle:lifecycle-runtime:2.0.0] AndroidManifest.xml:20:5-44
MERGED from [androidx.interpolator:interpolator:1.0.0] AndroidManifest.xml:20:5-44
MERGED from [androidx.interpolator:interpolator:1.0.0] AndroidManifest.xml:20:5-44
MERGED from [androidx.documentfile:documentfile:1.0.0] AndroidManifest.xml:20:5-44
MERGED from [androidx.documentfile:documentfile:1.0.0] AndroidManifest.xml:20:5-44
MERGED from [androidx.localbroadcastmanager:localbroadcastmanager:1.0.0] AndroidManifest.xml:20:5-44
MERGED from [androidx.localbroadcastmanager:localbroadcastmanager:1.0.0] AndroidManifest.xml:20:5-44
MERGED from [androidx.print:print:1.0.0] AndroidManifest.xml:20:5-44
MERGED from [androidx.print:print:1.0.0] AndroidManifest.xml:20:5-44
MERGED from [androidx.lifecycle:lifecycle-viewmodel:2.0.0] AndroidManifest.xml:20:5-44
MERGED from [androidx.lifecycle:lifecycle-viewmodel:2.0.0] AndroidManifest.xml:20:5-44
MERGED from [androidx.lifecycle:lifecycle-livedata:2.0.0] AndroidManifest.xml:20:5-44
MERGED from [androidx.lifecycle:lifecycle-livedata:2.0.0] AndroidManifest.xml:20:5-44
MERGED from [androidx.lifecycle:lifecycle-livedata-core:2.0.0] AndroidManifest.xml:20:5-44
MERGED from [androidx.lifecycle:lifecycle-livedata-core:2.0.0] AndroidManifest.xml:20:5-44
MERGED from [androidx.arch.core:core-runtime:2.0.0] AndroidManifest.xml:20:5-44
MERGED from [androidx.arch.core:core-runtime:2.0.0] AndroidManifest.xml:20:5-44
INJECTED from src\main\AndroidManifest.xml
INJECTED from src\main\AndroidManifest.xml
	android:targetSdkVersion
		INJECTED from src\main\AndroidManifest.xml
		ADDED from src\main\AndroidManifest.xml
		INJECTED from src\main\AndroidManifest.xml
	android:minSdkVersion
		INJECTED from src\main\AndroidManifest.xml
		ADDED from src\main\AndroidManifest.xml
		INJECTED from src\main\AndroidManifest.xml
uses-feature#android.hardware.camera
ADDED from [:mobilertc] AndroidManifest.xml:12:5-14:36
	android:required
		ADDED from [:mobilertc] AndroidManifest.xml:14:9-33
	android:name
		ADDED from [:mobilertc] AndroidManifest.xml:13:9-47
uses-feature#android.hardware.camera.autofocus
ADDED from [:mobilertc] AndroidManifest.xml:15:5-17:36
	android:required
		ADDED from [:mobilertc] AndroidManifest.xml:17:9-33
	android:name
		ADDED from [:mobilertc] AndroidManifest.xml:16:9-57
uses-feature#android.hardware.telephony
ADDED from [:mobilertc] AndroidManifest.xml:18:5-20:36
	android:required
		ADDED from [:mobilertc] AndroidManifest.xml:20:9-33
	android:name
		ADDED from [:mobilertc] AndroidManifest.xml:19:9-50
uses-feature#android.hardware.bluetooth
ADDED from [:mobilertc] AndroidManifest.xml:21:5-23:36
	android:required
		ADDED from [:mobilertc] AndroidManifest.xml:23:9-33
	android:name
		ADDED from [:mobilertc] AndroidManifest.xml:22:9-50
uses-feature#android.hardware.microphone
ADDED from [:mobilertc] AndroidManifest.xml:24:5-26:36
	android:required
		ADDED from [:mobilertc] AndroidManifest.xml:26:9-33
	android:name
		ADDED from [:mobilertc] AndroidManifest.xml:25:9-51
uses-permission#android.permission.WRITE_EXTERNAL_STORAGE
ADDED from [:mobilertc] AndroidManifest.xml:28:5-81
	android:name
		ADDED from [:mobilertc] AndroidManifest.xml:28:22-78
uses-permission#android.permission.INTERNET
ADDED from [:mobilertc] AndroidManifest.xml:29:5-67
	android:name
		ADDED from [:mobilertc] AndroidManifest.xml:29:22-64
uses-permission#android.permission.READ_PHONE_STATE
ADDED from [:mobilertc] AndroidManifest.xml:30:5-75
	android:name
		ADDED from [:mobilertc] AndroidManifest.xml:30:22-72
uses-permission#android.permission.ACCESS_NETWORK_STATE
ADDED from [:mobilertc] AndroidManifest.xml:31:5-79
	android:name
		ADDED from [:mobilertc] AndroidManifest.xml:31:22-76
uses-permission#android.permission.ACCESS_WIFI_STATE
ADDED from [:mobilertc] AndroidManifest.xml:32:5-76
	android:name
		ADDED from [:mobilertc] AndroidManifest.xml:32:22-73
uses-permission#android.permission.MODIFY_AUDIO_SETTINGS
ADDED from [:mobilertc] AndroidManifest.xml:33:5-80
	android:name
		ADDED from [:mobilertc] AndroidManifest.xml:33:22-77
uses-permission#android.permission.RECORD_AUDIO
ADDED from [:mobilertc] AndroidManifest.xml:34:5-71
	android:name
		ADDED from [:mobilertc] AndroidManifest.xml:34:22-68
uses-permission#android.permission.CAMERA
ADDED from [:mobilertc] AndroidManifest.xml:35:5-65
	android:name
		ADDED from [:mobilertc] AndroidManifest.xml:35:22-62
uses-permission#android.permission.BLUETOOTH
ADDED from [:mobilertc] AndroidManifest.xml:36:5-68
	android:name
		ADDED from [:mobilertc] AndroidManifest.xml:36:22-65
uses-permission#android.permission.BLUETOOTH_ADMIN
ADDED from [:mobilertc] AndroidManifest.xml:37:5-74
	android:name
		ADDED from [:mobilertc] AndroidManifest.xml:37:22-71
uses-permission#android.permission.BROADCAST_STICKY
ADDED from [:mobilertc] AndroidManifest.xml:38:5-75
	android:name
		ADDED from [:mobilertc] AndroidManifest.xml:38:22-72
uses-permission#android.permission.WAKE_LOCK
ADDED from [:mobilertc] AndroidManifest.xml:39:5-68
	android:name
		ADDED from [:mobilertc] AndroidManifest.xml:39:22-65
uses-permission#android.permission.CALL_PHONE
ADDED from [:mobilertc] AndroidManifest.xml:40:5-69
	android:name
		ADDED from [:mobilertc] AndroidManifest.xml:40:22-66
uses-permission#android.permission.SYSTEM_ALERT_WINDOW
ADDED from [:mobilertc] AndroidManifest.xml:41:5-78
	android:name
		ADDED from [:mobilertc] AndroidManifest.xml:41:22-75
uses-permission#android.permission.FOREGROUND_SERVICE
ADDED from [:mobilertc] AndroidManifest.xml:42:5-77
	android:name
		ADDED from [:mobilertc] AndroidManifest.xml:42:22-74
activity#com.zipow.videobox.JoinByURLActivity
ADDED from [:mobilertc] AndroidManifest.xml:45:9-49:58
	android:launchMode
		ADDED from [:mobilertc] AndroidManifest.xml:48:13-44
	android:configChanges
		ADDED from [:mobilertc] AndroidManifest.xml:47:13-59
	android:theme
		ADDED from [:mobilertc] AndroidManifest.xml:49:13-55
	android:name
		ADDED from [:mobilertc] AndroidManifest.xml:46:13-64
activity#com.zipow.videobox.IntegrationActivity
ADDED from [:mobilertc] AndroidManifest.xml:50:9-54:58
	android:launchMode
		ADDED from [:mobilertc] AndroidManifest.xml:53:13-44
	android:configChanges
		ADDED from [:mobilertc] AndroidManifest.xml:52:13-59
	android:theme
		ADDED from [:mobilertc] AndroidManifest.xml:54:13-55
	android:name
		ADDED from [:mobilertc] AndroidManifest.xml:51:13-66
activity#com.zipow.videobox.MeetingEndMessageActivity
ADDED from [:mobilertc] AndroidManifest.xml:55:9-58:59
	android:configChanges
		ADDED from [:mobilertc] AndroidManifest.xml:57:13-59
	android:theme
		ADDED from [:mobilertc] AndroidManifest.xml:58:13-56
	android:name
		ADDED from [:mobilertc] AndroidManifest.xml:56:13-72
activity#com.zipow.videobox.JoinMeetingFailActivity
ADDED from [:mobilertc] AndroidManifest.xml:59:9-63:59
	android:launchMode
		ADDED from [:mobilertc] AndroidManifest.xml:62:13-44
	android:configChanges
		ADDED from [:mobilertc] AndroidManifest.xml:61:13-129
	android:theme
		ADDED from [:mobilertc] AndroidManifest.xml:63:13-56
	android:name
		ADDED from [:mobilertc] AndroidManifest.xml:60:13-70
activity#com.zipow.videobox.ConfActivityNormal
ADDED from [:mobilertc] AndroidManifest.xml:64:9-68:56
	android:hardwareAccelerated
		ADDED from [:mobilertc] AndroidManifest.xml:67:13-48
	android:configChanges
		ADDED from [:mobilertc] AndroidManifest.xml:66:13-59
	android:theme
		ADDED from [:mobilertc] AndroidManifest.xml:68:13-53
	android:name
		ADDED from [:mobilertc] AndroidManifest.xml:65:13-65
activity#com.zipow.videobox.PListActivity
ADDED from [:mobilertc] AndroidManifest.xml:69:9-73:56
	android:hardwareAccelerated
		ADDED from [:mobilertc] AndroidManifest.xml:72:13-48
	android:configChanges
		ADDED from [:mobilertc] AndroidManifest.xml:71:13-59
	android:theme
		ADDED from [:mobilertc] AndroidManifest.xml:73:13-53
	android:name
		ADDED from [:mobilertc] AndroidManifest.xml:70:13-60
activity#com.zipow.videobox.InMeetingSettingsActivity
ADDED from [:mobilertc] AndroidManifest.xml:74:9-78:56
	android:hardwareAccelerated
		ADDED from [:mobilertc] AndroidManifest.xml:77:13-48
	android:configChanges
		ADDED from [:mobilertc] AndroidManifest.xml:76:13-59
	android:theme
		ADDED from [:mobilertc] AndroidManifest.xml:78:13-53
	android:name
		ADDED from [:mobilertc] AndroidManifest.xml:75:13-72
activity#com.zipow.videobox.ConfChatActivityOld
ADDED from [:mobilertc] AndroidManifest.xml:79:9-82:56
	android:configChanges
		ADDED from [:mobilertc] AndroidManifest.xml:81:13-59
	android:theme
		ADDED from [:mobilertc] AndroidManifest.xml:82:13-53
	android:name
		ADDED from [:mobilertc] AndroidManifest.xml:80:13-66
activity#com.zipow.videobox.MeetingRunningInfoActivity
ADDED from [:mobilertc] AndroidManifest.xml:83:9-86:56
	android:configChanges
		ADDED from [:mobilertc] AndroidManifest.xml:85:13-59
	android:theme
		ADDED from [:mobilertc] AndroidManifest.xml:86:13-53
	android:name
		ADDED from [:mobilertc] AndroidManifest.xml:84:13-73
activity#com.zipow.videobox.CallInActivity
ADDED from [:mobilertc] AndroidManifest.xml:87:9-90:56
	android:configChanges
		ADDED from [:mobilertc] AndroidManifest.xml:89:13-59
	android:theme
		ADDED from [:mobilertc] AndroidManifest.xml:90:13-53
	android:name
		ADDED from [:mobilertc] AndroidManifest.xml:88:13-61
activity#com.zipow.videobox.SimpleActivity
ADDED from [:mobilertc] AndroidManifest.xml:91:9-95:70
	android:windowSoftInputMode
		ADDED from [:mobilertc] AndroidManifest.xml:95:13-67
	android:configChanges
		ADDED from [:mobilertc] AndroidManifest.xml:93:13-59
	android:theme
		ADDED from [:mobilertc] AndroidManifest.xml:94:13-53
	android:name
		ADDED from [:mobilertc] AndroidManifest.xml:92:13-61
activity#com.zipow.videobox.SimpleInMeetingActivity
ADDED from [:mobilertc] AndroidManifest.xml:96:9-100:70
	android:windowSoftInputMode
		ADDED from [:mobilertc] AndroidManifest.xml:100:13-67
	android:configChanges
		ADDED from [:mobilertc] AndroidManifest.xml:98:13-59
	android:theme
		ADDED from [:mobilertc] AndroidManifest.xml:99:13-53
	android:name
		ADDED from [:mobilertc] AndroidManifest.xml:97:13-70
activity#com.zipow.videobox.poll.PollingActivity
ADDED from [:mobilertc] AndroidManifest.xml:101:9-104:56
	android:configChanges
		ADDED from [:mobilertc] AndroidManifest.xml:103:13-59
	android:theme
		ADDED from [:mobilertc] AndroidManifest.xml:104:13-53
	android:name
		ADDED from [:mobilertc] AndroidManifest.xml:102:13-67
activity#com.zipow.videobox.poll.WebinarPollingActivity
ADDED from [:mobilertc] AndroidManifest.xml:105:9-108:56
	android:configChanges
		ADDED from [:mobilertc] AndroidManifest.xml:107:13-59
	android:theme
		ADDED from [:mobilertc] AndroidManifest.xml:108:13-53
	android:name
		ADDED from [:mobilertc] AndroidManifest.xml:106:13-74
activity#com.zipow.videobox.poll.PollingResultActivity
ADDED from [:mobilertc] AndroidManifest.xml:109:9-112:56
	android:configChanges
		ADDED from [:mobilertc] AndroidManifest.xml:111:13-59
	android:theme
		ADDED from [:mobilertc] AndroidManifest.xml:112:13-53
	android:name
		ADDED from [:mobilertc] AndroidManifest.xml:110:13-73
activity#com.zipow.videobox.poll.WebinarPollingResultActivity
ADDED from [:mobilertc] AndroidManifest.xml:113:9-116:56
	android:configChanges
		ADDED from [:mobilertc] AndroidManifest.xml:115:13-59
	android:theme
		ADDED from [:mobilertc] AndroidManifest.xml:116:13-53
	android:name
		ADDED from [:mobilertc] AndroidManifest.xml:114:13-80
activity#us.zoom.androidlib.app.ZMFileListActivity
ADDED from [:mobilertc] AndroidManifest.xml:117:9-120:56
	android:configChanges
		ADDED from [:mobilertc] AndroidManifest.xml:119:13-59
	android:theme
		ADDED from [:mobilertc] AndroidManifest.xml:120:13-53
	android:name
		ADDED from [:mobilertc] AndroidManifest.xml:118:13-69
service#com.zipow.videobox.kubi.KubiService
ADDED from [:mobilertc] AndroidManifest.xml:122:9-125:51
	android:label
		ADDED from [:mobilertc] AndroidManifest.xml:125:13-48
	android:exported
		ADDED from [:mobilertc] AndroidManifest.xml:124:13-37
	android:name
		ADDED from [:mobilertc] AndroidManifest.xml:123:13-63
service#com.zipow.videobox.OnClearFromRecentService
ADDED from [:mobilertc] AndroidManifest.xml:126:9-128:40
	android:exported
		ADDED from [:mobilertc] AndroidManifest.xml:128:13-37
	android:name
		ADDED from [:mobilertc] AndroidManifest.xml:127:13-71
service#com.zipow.videobox.share.ScreenShareServiceForSDK
ADDED from [:mobilertc] AndroidManifest.xml:129:9-133:51
	android:label
		ADDED from [:mobilertc] AndroidManifest.xml:133:13-48
	android:exported
		ADDED from [:mobilertc] AndroidManifest.xml:131:13-37
	android:foregroundServiceType
		ADDED from [:mobilertc] AndroidManifest.xml:132:13-60